2018-02-20 22:21:47 DEBUG Log4jExample:17 - This is debug : santhosh
2018-02-20 22:21:47 INFO  Log4jExample:21 - This is info : santhosh
2018-02-20 22:21:47 WARN  Log4jExample:24 - This is warn : santhosh
2018-02-20 22:21:47 ERROR Log4jExample:25 - This is error : santhosh
2018-02-20 22:21:47 FATAL Log4jExample:26 - This is fatal : santhosh
2018-03-05 21:05:20 ERROR Cart:37 - exception in Cart calss
2018-03-05 21:05:47 ERROR Cart:37 - exception in Cart calssjava.sql.SQLException: Column count doesn't match value count at row 1
2018-03-05 21:07:25 ERROR Cart:38 - exception in Cart calssjava.sql.SQLException: No value specified for parameter 6
2018-03-05 23:51:09 ERROR GetPrice:31 - Exception in GetPricejava.sql.SQLException: Illegal operation on empty result set.
2018-03-05 23:51:35 ERROR GetPrice:31 - Exception in GetPricejava.sql.SQLException: Illegal operation on empty result set.
2018-03-05 23:51:48 ERROR GetPrice:31 - Exception in GetPricejava.sql.SQLException: Illegal operation on empty result set.
2018-03-05 23:52:20 ERROR GetPrice:31 - Exception in GetPricejava.sql.SQLException: Before start of result set
2018-03-05 23:52:33 ERROR GetPrice:31 - Exception in GetPricejava.sql.SQLException: Column Index out of range, 3 > 1. 
2018-03-05 23:53:18 ERROR GetPrice:31 - Exception in GetPricejava.sql.SQLException: Before start of result set
2018-03-05 23:54:18 ERROR GetPrice:31 - Exception in GetPricejava.sql.SQLException: Column Index out of range, 3 > 1. 
2018-03-05 23:55:12 ERROR GetPrice:31 - Exception in GetPricejava.sql.SQLException: Column Index out of range, 2 > 1. 
2018-03-05 23:55:21 INFO  GetPrice:29 - 12
2018-03-06 23:46:29 INFO  LoggingAuth:22 - bollenasanthosh@gmail.com
2018-03-06 23:46:29 INFO  LoggingAuth:23 - demo123
2018-03-06 23:50:33 INFO  LoggingAuth:31 - bollenasanthosh@gmail.com
2018-03-06 23:52:05 INFO  LoggingAuth:31 - bollenasanthosh@gmail.com
2018-03-06 23:52:05 INFO  LoggingAuth:31 - bharathbollena@gmail.com
2018-03-06 23:53:02 INFO  LoggingAuth:31 - bollenasanthosh@gmail.com
2018-03-06 23:53:02 INFO  LoggingAuth:31 - bharathbollena@gmail.com
2018-03-06 23:53:02 INFO  LoggingAuth:34 - demo123
2018-03-06 23:53:02 INFO  LoggingAuth:34 - 9676434734
2018-03-17 16:32:23 INFO  ResourceForAll:28 - logged in santhosh
2018-03-21 23:02:42 INFO  CheakingAvalabilityOfProduct:25 - true
2018-03-21 23:02:42 INFO  CheakingAvalabilityOfProduct:25 - true
2018-03-21 23:02:42 INFO  CheakingAvalabilityOfProduct:25 - true
2018-03-21 23:02:42 INFO  CheakingAvalabilityOfProduct:25 - true
2018-03-21 23:02:42 INFO  CheakingAvalabilityOfProduct:25 - true
2018-03-21 23:02:42 INFO  CheakingAvalabilityOfProduct:25 - true
2018-03-21 23:02:42 INFO  CheakingAvalabilityOfProduct:25 - true
2018-03-21 23:02:42 INFO  CheakingAvalabilityOfProduct:25 - true
2018-03-21 23:02:42 INFO  CheakingAvalabilityOfProduct:25 - true
2018-03-24 13:37:13 INFO  GettingPriceInCategery:17 - select price from fruits
2018-03-24 13:37:14 INFO  GettingPriceInCategery:21 - 14
2018-03-24 13:37:14 INFO  GettingPriceInCategery:21 - 10
2018-03-24 13:37:14 INFO  GettingPriceInCategery:21 - 5
2018-03-24 13:37:14 INFO  GettingPriceInCategery:21 - 7
2018-03-24 13:37:14 INFO  GettingPriceInCategery:21 - 7
2018-03-24 13:37:14 INFO  GettingPriceInCategery:21 - 4
2018-03-24 13:37:14 INFO  GettingPriceInCategery:21 - 15
2018-03-24 13:37:14 INFO  GettingPriceInCategery:21 - 30
2018-03-24 13:37:14 INFO  GettingPriceInCategery:21 - 1
